-0.1505000000	0.0043000000	0.2998413861	0.6981733633
-0.1419000000	0.0043000000	0.3462917154	0.6430246151
-0.1333000000	0.0043000000	0.3907194332	0.5824723364
-0.1247000000	0.0043000000	0.4328363481	0.5168798591
-0.1161000000	0.0043000000	0.4723636791	0.4466309313
-0.1075000000	0.0043000000	0.5090355548	0.3721318832
-0.0989000000	0.0043000000	0.5426020025	0.2938122904
-0.0903000000	0.0043000000	0.5728315197	0.2121245994
-0.0817000000	0.0043000000	0.5995132218	0.1275427830
-0.0731000000	0.0043000000	0.6224586340	0.0405602702
-0.0645000000	0.0043000000	0.6415031944	-0.0483126279
-0.0559000000	0.0043000000	0.6565075134	-0.1385516297
-0.0473000000	0.0043000000	0.6673584144	-0.2296216232
-0.0387000000	0.0043000000	0.6739697722	-0.3209799585
-0.0301000000	0.0043000000	0.6762831528	-0.4120798390
-0.0215000000	0.0043000000	0.6742682595	-0.5023737720
-0.0129000000	0.0043000000	0.6679231848	-0.5913170461
-0.0043000000	0.0043000000	0.6572744706	-0.6783712055
0.0043000000	0.0043000000	0.6423769771	-0.7630074968
0.0129000000	0.0043000000	0.6233135634	-0.8447102620
0.0215000000	0.0043000000	0.6001945830	-0.9229802530
0.0301000000	0.0043000000	0.5731571972	-0.9973378432
0.0387000000	0.0043000000	0.5423645118	-1.0673261123
0.0473000000	0.0043000000	0.5080045413	-1.1325137767
0.0559000000	0.0043000000	0.4702890083	-1.1924979412
0.0645000000	0.0043000000	0.4294519855	-1.2469066402
0.0731000000	0.0043000000	0.3857483902	-1.2954011329
0.0817000000	0.0043000000	0.3394523448	-1.3376779005
0.0903000000	0.0043000000	0.2908554180	-1.3734702732
0.0989000000	0.0043000000	0.2402647658	-1.4025495683
0.1075000000	0.0043000000	0.1880012001	-1.4247255564
0.1161000000	0.0043000000	0.1343972191	-1.4398459679
0.1247000000	0.0043000000	0.0797950474	-1.4477946343
0.1333000000	0.0043000000	0.0245447436	-1.4484878194
0.1419000000	0.0043000000	-0.0309975824	-1.4418686188
0.1505000000	0.0043000000	-0.0864712797	-1.4278985553
